demo/build/outputs/logs/manifest-merger-debug-report.txt
-- Merging decision tree log ---
manifest
ADDED from src/main/AndroidManifest.xml:1:1-39:12
INJECTED from src/main/AndroidManifest.xml:1:1-39:12
INJECTED from src/main/AndroidManifest.xml:1:1-39:12
INJECTED from src/main/AndroidManifest.xml:1:1-39:12
MERGED from [:library] AndroidManifest.xml:2:1-65:12
MERGED from [com.android.support:appcompat-v7:26.1.0] AndroidManifest.xml:17:1-31:12
MERGED from [com.android.support:support-v4:26.1.0] AndroidManifest.xml:17:1-31:12
MERGED from [com.facebook.stetho:stetho:1.5.0] AndroidManifest.xml:2:1-13:12
MERGED from [com.android.support:support-media-compat:26.1.0] AndroidManifest.xml:17:1-31:12
MERGED from [com.android.support:support-fragment:26.1.0] AndroidManifest.xml:17:1-31:12
MERGED from [com.android.support:support-core-utils:26.1.0] AndroidManifest.xml:17:1-31:12
MERGED from [com.android.support:animated-vector-drawable:26.1.0] AndroidManifest.xml:17:1-28:12
MERGED from [com.android.support:support-core-ui:26.1.0] AndroidManifest.xml:17:1-31:12
MERGED from [com.android.support:support-vector-drawable:26.1.0] AndroidManifest.xml:17:1-28:12
MERGED from [com.android.support:support-compat:26.1.0] AndroidManifest.xml:17:1-31:12
MERGED from [android.arch.lifecycle:runtime:1.0.0] AndroidManifest.xml:17:1-30:12
INJECTED from src/main/AndroidManifest.xml:1:1-39:12
INJECTED from src/main/AndroidManifest.xml:1:1-39:12
INJECTED from src/main/AndroidManifest.xml:1:1-39:12
	package
		ADDED from src/main/AndroidManifest.xml:2:5-44
		INJECTED from src/main/AndroidManifest.xml
		INJECTED from src/main/AndroidManifest.xml
	android:versionName
		INJECTED from src/main/AndroidManifest.xml
		ADDED from src/main/AndroidManifest.xml:1:1-39:12
		INJECTED from src/main/AndroidManifest.xml
	xmlns:tools
		ADDED from src/main/AndroidManifest.xml:4:5-51
	android:versionCode
		INJECTED from src/main/AndroidManifest.xml
		ADDED from src/main/AndroidManifest.xml:1:1-39:12
		INJECTED from src/main/AndroidManifest.xml
	xmlns:android
		ADDED from src/main/AndroidManifest.xml:3:5-63
uses-permission#android.permission.INTERNET
ADDED from src/main/AndroidManifest.xml:6:5-66
	android:name
		ADDED from src/main/AndroidManifest.xml:6:22-64
application
ADDED from src/main/AndroidManifest.xml:8:5-38:19
MERGED from [:library] AndroidManifest.xml:16:5-63:19
MERGED from [:library] AndroidManifest.xml:16:5-63:19
MERGED from [com.android.support:appcompat-v7:26.1.0] AndroidManifest.xml:25:5-29:19
MERGED from [com.android.support:appcompat-v7:26.1.0] AndroidManifest.xml:25:5-29:19
MERGED from [com.android.support:support-v4:26.1.0] AndroidManifest.xml:25:5-29:19
MERGED from [com.android.support:support-v4:26.1.0] AndroidManifest.xml:25:5-29:19
MERGED from [com.facebook.stetho:stetho:1.5.0] AndroidManifest.xml:11:5-20
MERGED from [com.facebook.stetho:stetho:1.5.0] AndroidManifest.xml:11:5-20
MERGED from [com.android.support:support-media-compat:26.1.0] AndroidManifest.xml:25:5-29:19
MERGED from [com.android.support:support-media-compat:26.1.0] AndroidManifest.xml:25:5-29:19
MERGED from [com.android.support:support-fragment:26.1.0] AndroidManifest.xml:25:5-29:19
MERGED from [com.android.support:support-fragment:26.1.0] AndroidManifest.xml:25:5-29:19
MERGED from [com.android.support:support-core-utils:26.1.0] AndroidManifest.xml:25:5-29:19
MERGED from [com.android.support:support-core-utils:26.1.0] AndroidManifest.xml:25:5-29:19
MERGED from [com.android.support:animated-vector-drawable:26.1.0] AndroidManifest.xml:22:5-26:19
MERGED from [com.android.support:animated-vector-drawable:26.1.0] AndroidManifest.xml:22:5-26:19
MERGED from [com.android.support:support-core-ui:26.1.0] AndroidManifest.xml:25:5-29:19
MERGED from [com.android.support:support-core-ui:26.1.0] AndroidManifest.xml:25:5-29:19
MERGED from [com.android.support:support-vector-drawable:26.1.0] AndroidManifest.xml:22:5-26:19
MERGED from [com.android.support:support-vector-drawable:26.1.0] AndroidManifest.xml:22:5-26:19
MERGED from [com.android.support:support-compat:26.1.0] AndroidManifest.xml:25:5-29:19
MERGED from [com.android.support:support-compat:26.1.0] AndroidManifest.xml:25:5-29:19
MERGED from [android.arch.lifecycle:runtime:1.0.0] AndroidManifest.xml:24:5-28:19
MERGED from [android.arch.lifecycle:runtime:1.0.0] AndroidManifest.xml:24:5-28:19
	android:label
		ADDED from src/main/AndroidManifest.xml:13:9-37
	android:fullBackupContent
		ADDED from src/main/AndroidManifest.xml:11:9-42
	tools:ignore
		ADDED from src/main/AndroidManifest.xml:15:9-39
	android:icon
		ADDED from src/main/AndroidManifest.xml:12:9-43
	android:allowBackup
		ADDED from src/main/AndroidManifest.xml:10:9-36
	android:theme
		ADDED from src/main/AndroidManifest.xml:14:9-40
	android:name
		ADDED from src/main/AndroidManifest.xml:9:9-28
activity#com.evernote.android.job.demo.MainActivity
ADDED from src/main/AndroidManifest.xml:17:9-24:20
	android:label
		ADDED from src/main/AndroidManifest.xml:19:13-41
	android:name
		ADDED from src/main/AndroidManifest.xml:18:13-70
intent-filter#action:name:android.intent.action.MAIN+category:name:android.intent.category.LAUNCHER
ADDED from src/main/AndroidManifest.xml:20:13-23:29
action#android.intent.action.MAIN
ADDED from src/main/AndroidManifest.xml:21:17-68
	android:name
		ADDED from src/main/AndroidManifest.xml:21:25-66
category#android.intent.category.LAUNCHER
ADDED from src/main/AndroidManifest.xml:22:17-76
	android:name
		ADDED from src/main/AndroidManifest.xml:22:27-74
activity#com.evernote.android.job.demo.SyncHistoryActivity
ADDED from src/main/AndroidManifest.xml:26:9-28:43
	android:label
		ADDED from src/main/AndroidManifest.xml:28:13-41
	android:name
		ADDED from src/main/AndroidManifest.xml:27:13-48
receiver#com.evernote.android.job.demo.DemoJobCreator$AddReceiver
ADDED from src/main/AndroidManifest.xml:30:9-36:20
	android:exported
		ADDED from src/main/AndroidManifest.xml:32:13-37
	android:name
		ADDED from src/main/AndroidManifest.xml:31:13-55
intent-filter#action:name:com.evernote.android.job.ADD_JOB_CREATOR
ADDED from src/main/AndroidManifest.xml:33:13-35:29
action#com.evernote.android.job.ADD_JOB_CREATOR
ADDED from src/main/AndroidManifest.xml:34:17-82
	android:name
		ADDED from src/main/AndroidManifest.xml:34:25-80
uses-sdk
INJECTED from src/main/AndroidManifest.xml reason: use-sdk injection requested
INJECTED from src/main/AndroidManifest.xml
INJECTED from src/main/AndroidManifest.xml
MERGED from [:library] AndroidManifest.xml:8:5-10:41
MERGED from [:library] AndroidManifest.xml:8:5-10:41
MERGED from [com.android.support:appcompat-v7:26.1.0] AndroidManifest.xml:21:5-23:78
MERGED from [com.android.support:appcompat-v7:26.1.0] AndroidManifest.xml:21:5-23:78
MERGED from [com.android.support:support-v4:26.1.0] AndroidManifest.xml:21:5-23:54
MERGED from [com.android.support:support-v4:26.1.0] AndroidManifest.xml:21:5-23:54
MERGED from [com.facebook.stetho:stetho:1.5.0] AndroidManifest.xml:7:5-9:41
MERGED from [com.facebook.stetho:stetho:1.5.0] AndroidManifest.xml:7:5-9:41
MERGED from [com.android.support:support-media-compat:26.1.0] AndroidManifest.xml:21:5-23:63
MERGED from [com.android.support:support-media-compat:26.1.0] AndroidManifest.xml:21:5-23:63
MERGED from [com.android.support:support-fragment:26.1.0] AndroidManifest.xml:21:5-23:60
MERGED from [com.android.support:support-fragment:26.1.0] AndroidManifest.xml:21:5-23:60
MERGED from [com.android.support:support-core-utils:26.1.0] AndroidManifest.xml:21:5-23:61
MERGED from [com.android.support:support-core-utils:26.1.0] AndroidManifest.xml:21:5-23:61
MERGED from [com.android.support:animated-vector-drawable:26.1.0] AndroidManifest.xml:20:5-44
MERGED from [com.android.support:animated-vector-drawable:26.1.0] AndroidManifest.xml:20:5-44
MERGED from [com.android.support:support-core-ui:26.1.0] AndroidManifest.xml:21:5-23:58
MERGED from [com.android.support:support-core-ui:26.1.0] AndroidManifest.xml:21:5-23:58
MERGED from [com.android.support:support-vector-drawable:26.1.0] AndroidManifest.xml:20:5-44
MERGED from [com.android.support:support-vector-drawable:26.1.0] AndroidManifest.xml:20:5-44
MERGED from [com.android.support:support-compat:26.1.0] AndroidManifest.xml:21:5-23:58
MERGED from [com.android.support:support-compat:26.1.0] AndroidManifest.xml:21:5-23:58
MERGED from [android.arch.lifecycle:runtime:1.0.0] AndroidManifest.xml:20:5-22:41
MERGED from [android.arch.lifecycle:runtime:1.0.0] AndroidManifest.xml:20:5-22:41
INJECTED from src/main/AndroidManifest.xml
INJECTED from src/main/AndroidManifest.xml
	tools:overrideLibrary
		ADDED from [com.android.support:appcompat-v7:26.1.0] AndroidManifest.xml:23:9-75
	android:targetSdkVersion
		INJECTED from src/main/AndroidManifest.xml
		ADDED from src/main/AndroidManifest.xml
		INJECTED from src/main/AndroidManifest.xml
	android:minSdkVersion
		INJECTED from src/main/AndroidManifest.xml
		ADDED from src/main/AndroidManifest.xml
		INJECTED from src/main/AndroidManifest.xml
uses-permission#android.permission.WAKE_LOCK
ADDED from [:library] AndroidManifest.xml:12:5-68
	android:name
		ADDED from [:library] AndroidManifest.xml:12:22-65
uses-permission#android.permission.ACCESS_NETWORK_STATE
ADDED from [:library] AndroidManifest.xml:13:5-79
	android:name
		ADDED from [:library] AndroidManifest.xml:13:22-76
uses-permission#android.permission.RECEIVE_BOOT_COMPLETED
ADDED from [:library] AndroidManifest.xml:14:5-81
	android:name
		ADDED from [:library] AndroidManifest.xml:14:22-78
service#com.evernote.android.job.v21.PlatformJobService
ADDED from [:library] AndroidManifest.xml:17:9-20:72
	android:exported
		ADDED from [:library] AndroidManifest.xml:19:13-37
	android:permission
		ADDED from [:library] AndroidManifest.xml:20:13-69
	android:name
		ADDED from [:library] AndroidManifest.xml:18:13-75
service#com.evernote.android.job.v14.PlatformAlarmService
ADDED from [:library] AndroidManifest.xml:21:9-24:72
	android:exported
		ADDED from [:library] AndroidManifest.xml:23:13-37
	android:permission
		ADDED from [:library] AndroidManifest.xml:24:13-69
	android:name
		ADDED from [:library] AndroidManifest.xml:22:13-77
service#com.evernote.android.job.v14.PlatformAlarmServiceExact
ADDED from [:library] AndroidManifest.xml:25:9-27:40
	android:exported
		ADDED from [:library] AndroidManifest.xml:27:13-37
	android:name
		ADDED from [:library] AndroidManifest.xml:26:13-82
receiver#com.evernote.android.job.v14.PlatformAlarmReceiver
ADDED from [:library] AndroidManifest.xml:29:9-38:20
	android:exported
		ADDED from [:library] AndroidManifest.xml:31:13-37
	android:name
		ADDED from [:library] AndroidManifest.xml:30:13-78
intent-filter#action:name:com.evernote.android.job.v14.RUN_JOB+action:name:net.vrallev.android.job.v14.RUN_JOB
ADDED from [:library] AndroidManifest.xml:32:13-37:29
action#com.evernote.android.job.v14.RUN_JOB
ADDED from [:library] AndroidManifest.xml:35:17-79
	android:name
		ADDED from [:library] AndroidManifest.xml:35:25-76
action#net.vrallev.android.job.v14.RUN_JOB
ADDED from [:library] AndroidManifest.xml:36:17-78
	android:name
		ADDED from [:library] AndroidManifest.xml:36:25-75
receiver#com.evernote.android.job.JobBootReceiver
ADDED from [:library] AndroidManifest.xml:39:9-48:20
	android:exported
		ADDED from [:library] AndroidManifest.xml:41:13-37
	android:name
		ADDED from [:library] AndroidManifest.xml:40:13-68
intent-filter#action:name:android.intent.action.BOOT_COMPLETED+action:name:android.intent.action.MY_PACKAGE_REPLACED+action:name:android.intent.action.QUICKBOOT_POWERON+action:name:com.htc.intent.action.QUICKBOOT_POWERON
ADDED from [:library] AndroidManifest.xml:42:13-47:29
action#android.intent.action.BOOT_COMPLETED
ADDED from [:library] AndroidManifest.xml:43:17-79
	android:name
		ADDED from [:library] AndroidManifest.xml:43:25-76
action#android.intent.action.QUICKBOOT_POWERON
ADDED from [:library] AndroidManifest.xml:44:17-82
	android:name
		ADDED from [:library] AndroidManifest.xml:44:25-79
action#com.htc.intent.action.QUICKBOOT_POWERON
ADDED from [:library] AndroidManifest.xml:45:17-82
	android:name
		ADDED from [:library] AndroidManifest.xml:45:25-79
action#android.intent.action.MY_PACKAGE_REPLACED
ADDED from [:library] AndroidManifest.xml:46:17-84
	android:name
		ADDED from [:library] AndroidManifest.xml:46:25-81
service#com.evernote.android.job.gcm.PlatformGcmService
ADDED from [:library] AndroidManifest.xml:50:9-58:19
	android:enabled
		ADDED from [:library] AndroidManifest.xml:52:13-36
	android:exported
		ADDED from [:library] AndroidManifest.xml:53:13-36
	android:permission
		ADDED from [:library] AndroidManifest.xml:54:13-93
	android:name
		ADDED from [:library] AndroidManifest.xml:51:13-75
intent-filter#action:name:com.google.android.gms.gcm.ACTION_TASK_READY
ADDED from [:library] AndroidManifest.xml:55:13-57:29
action#com.google.android.gms.gcm.ACTION_TASK_READY
ADDED from [:library] AndroidManifest.xml:56:17-87
	android:name
		ADDED from [:library] AndroidManifest.xml:56:25-84
service#com.evernote.android.job.JobRescheduleService
ADDED from [:library] AndroidManifest.xml:59:9-62:72
	android:exported
		ADDED from [:library] AndroidManifest.xml:61:13-37
	android:permission
		ADDED from [:library] AndroidManifest.xml:62:13-69
	android:name
		ADDED from [:library] AndroidManifest.xml:60:13-73
meta-data#android.support.VERSION
ADDED from [com.android.support:appcompat-v7:26.1.0] AndroidManifest.xml:26:9-28:38
MERGED from [com.android.support:support-v4:26.1.0] AndroidManifest.xml:26:9-28:38
MERGED from [com.android.support:support-v4:26.1.0] AndroidManifest.xml:26:9-28:38
MERGED from [com.android.support:support-media-compat:26.1.0] AndroidManifest.xml:26:9-28:38
MERGED from [com.android.support:support-media-compat:26.1.0] AndroidManifest.xml:26:9-28:38
MERGED from [com.android.support:support-fragment:26.1.0] AndroidManifest.xml:26:9-28:38
MERGED from [com.android.support:support-fragment:26.1.0] AndroidManifest.xml:26:9-28:38
MERGED from [com.android.support:support-core-utils:26.1.0] AndroidManifest.xml:26:9-28:38
MERGED from [com.android.support:support-core-utils:26.1.0] AndroidManifest.xml:26:9-28:38
MERGED from [com.android.support:animated-vector-drawable:26.1.0] AndroidManifest.xml:23:9-25:38
MERGED from [com.android.support:animated-vector-drawable:26.1.0] AndroidManifest.xml:23:9-25:38
MERGED from [com.android.support:support-core-ui:26.1.0] AndroidManifest.xml:26:9-28:38
MERGED from [com.android.support:support-core-ui:26.1.0] AndroidManifest.xml:26:9-28:38
MERGED from [com.android.support:support-vector-drawable:26.1.0] AndroidManifest.xml:23:9-25:38
MERGED from [com.android.support:support-vector-drawable:26.1.0] AndroidManifest.xml:23:9-25:38
MERGED from [com.android.support:support-compat:26.1.0] AndroidManifest.xml:26:9-28:38
MERGED from [com.android.support:support-compat:26.1.0] AndroidManifest.xml:26:9-28:38
	android:value
		ADDED from [com.android.support:appcompat-v7:26.1.0] AndroidManifest.xml:28:13-35
	android:name
		ADDED from [com.android.support:appcompat-v7:26.1.0] AndroidManifest.xml:27:13-51
meta-data#android.arch.lifecycle.VERSION
ADDED from [android.arch.lifecycle:runtime:1.0.0] AndroidManifest.xml:25:9-27:47
	android:value
		ADDED from [android.arch.lifecycle:runtime:1.0.0] AndroidManifest.xml:27:13-44
	android:name
		ADDED from [android.arch.lifecycle:runtime:1.0.0] AndroidManifest.xml:26:13-58